<?xml version="1.0" encoding="UTF-8"?>
<!-- Generated by org.testng.reporters.JUnitXMLReporter -->
<testsuite ignored="1" hostname="LAPTOP-0KCN5936" failures="0" tests="4" name="chromeTest2" time="9.225" errors="0" timestamp="05 Feb 2022 06:22:24 GMT">
  <testcase classname="org.pageexecution.LoginPageExecution" name="test1" time="0.165"/>
  <testcase classname="org.pageexecution.LoginPageExecution" name="test2" time="0.09"/>
  <testcase classname="org.pageexecution.HomePageExecution" name="test1" time="0.097"/>
  <testcase classname="org.pageexecution.HomePageExecution" name="test2" time="0.188"/>
  <testcase classname="org.baseutil.BaseClass" name="@BeforeTest beforeTest" time="0.0">
    <ignored/>
  </testcase> <!-- @BeforeTest beforeTest -->
</testsuite> <!-- chromeTest2 -->
